Build started 12/26/2015 2:57:41 PM.
     1>Project "C:\Documents and Settings\Administrator\Desktop\Irvine\Project_Template\Project.vcxproj" on node 2 (build target(s)).
     1>InitializeBuildStatus:
         Touching "Debug\Project.unsuccessfulbuild".
       _MASM:
         Assembling [Inputs]...
         cmd.exe /C "C:\Documents and Settings\Administrator\Local Settings\Temp\b669839a063c4217804d211661e5a016.cmd"
         ml.exe /c /nologo /Zi /Fo"Debug\RealMode.obj" /I "C:\Irvine" /W3 /errorReport:prompt  /TaRealMode.asm
     1>RealMode.asm(20): error A2006: undefined symbol : DGROUP
     1>RealMode.asm(163): error A2074: cannot access label through segment registers
     1>RealMode.asm(175): error A2074: cannot access label through segment registers
     1>RealMode.asm(179): error A2074: cannot access label through segment registers
     1>RealMode.asm(183): error A2074: cannot access label through segment registers
     1>RealMode.asm(187): error A2074: cannot access label through segment registers
     1>C:\Program Files\MSBuild\Microsoft.Cpp\v4.0\BuildCustomizations\masm.targets(49,5): error MSB3721: The command "ml.exe /c /nologo /Zi /Fo"Debug\RealMode.obj" /I "C:\Irvine" /W3 /errorReport:prompt  /TaRealMode.asm" exited with code 1.
     1>Done Building Project "C:\Documents and Settings\Administrator\Desktop\Irvine\Project_Template\Project.vcxproj" (build target(s)) -- FAILED.

Build FAILED.

Time Elapsed 00:00:01.92
